Events Loaded
yata bot conected to discord
The discord bot logged in! Username: yata-bot!
minecraft username is moderncraft1234
Prismarine viewer web server running on *:3009
Minecraftlvr56> Join mc.rockanarchy.org /dupe enabled 23423423
Minecraftlvr56> Join mc.rockanarchy.org > ALL! /dupe enabled! 2736432
Minecraftlvr56> Join mc.rockanarchy.org A fresh dupe anarchy server! /dupe enabled! 72836472834
Minecraftlvr56> Join mc.rockanarchy.org The oldest dupe anarchy server in minecraft! /dupe enabled! 27386427834
Minecraftlvr56> Join mc.rockanarchy.org NO LAG! /dupe enabled! ahdjfgavt23y
Minecraftlvr56> Join mc.rockanarchy.org Fresh Anarchy Server /dupe enabled! a dfgyuakyuv akvsd
Minecraftlvr56> Join mc.rockanarchy.org NEVER GOES BELOW 18 TPS! /dupe enabled aildfgh gakdsuj
Minecraftlvr56> Join mc.rockanarchy.org New Anarchy Server /dupe enabled dahfujagv sdfjhas
Minecraftlvr56> Join mc.rockanarchy.org Most Fire Anarchy Server Out there /dupe enabled ajk cxm,.
Minecraftlvr56> Join mc.rockanarchy.org /DUPE ENABLED aygdufhasjdf
Minecraftlvr56> Join mc.rockanarchy.org /dupe enabled 23423423
Minecraftlvr56> Join mc.rockanarchy.org > ALL! /dupe enabled! 2736432
Minecraftlvr56> Join mc.rockanarchy.org A fresh dupe anarchy server! /dupe enabled! 72836472834dafyguahdsf
Minecraftlvr56> Join mc.rockanarchy.org /dupe enabled 23423423
Minecraftlvr56> Join mc.rockanarchy.org > ALL! /dupe enabled! 2736432
Minecraftlvr56> Join mc.rockanarchy.org A fresh dupe anarchy server! /dupe enabled! 72836472834
Minecraftlvr56> Join mc.rockanarchy.org The oldest dupe anarchy server in minecraft! /dupe enabled! 27386427834
Minecraftlvr56> Join mc.rockanarchy.org NO LAG! /dupe enabled! ahdjfgavt23y
Minecraftlvr56> Join mc.rockanarchy.org Fresh Anarchy Server /dupe enabled! a dfgyuakyuv akvsd
Minecraftlvr56> Join mc.rockanarchy.org NEVER GOES BELOW 18 TPS! /dupe enabled aildfgh gakdsuj
Minecraftlvr56> Join mc.rockanarchy.org New Anarchy Server /dupe enabled dahfujagv sdfjhas
Minecraftlvr56> Join mc.rockanarchy.org Most Fire Anarchy Server Out there /dupe enabled ajk cxm,.
Minecraftlvr56> Join mc.rockanarchy.org /DUPE ENABLED aygdufhasjdf
Minecraftlvr56> Join mc.rockanarchy.org /dupe enabled 23423423
Minecraftlvr56> Join mc.rockanarchy.org > ALL! /dupe enabled! 2736432
Minecraftlvr56> Join mc.rockanarchy.org A fresh dupe anarchy server! /dupe enabled! 72836472834dafyguahdsf
Minecraftlvr56> Join mc.rockanarchy.org /dupe enabled 23423423
Minecraftlvr56> Join mc.rockanarchy.org > ALL! /dupe enabled! 2736432
Minecraftlvr56> Join mc.rockanarchy.org A fresh dupe anarchy server! /dupe enabled! 72836472834
mukudori_012> 死んじゃった
Minecraftlvr56> Join mc.rockanarchy.org The oldest dupe anarchy server in minecraft! /dupe enabled! 27386427834
Minecraftlvr56> Join mc.rockanarchy.org NO LAG! /dupe enabled! ahdjfgavt23y
mukudori_012> 死んじゃった
Minecraftlvr56> Join mc.rockanarchy.org Fresh Anarchy Server /dupe enabled! a dfgyuakyuv akvsd
Minecraftlvr56> Join mc.rockanarchy.org NEVER GOES BELOW 18 TPS! /dupe enabled aildfgh gakdsuj
Minecraftlvr56> Join mc.rockanarchy.org New Anarchy Server /dupe enabled dahfujagv sdfjhas
Minecraftlvr56> Join mc.rockanarchy.org Most Fire Anarchy Server Out there /dupe enabled ajk cxm,.
Minecraftlvr56> Join mc.rockanarchy.org /DUPE ENABLED aygdufhasjdf
Minecraftlvr56> Join mc.rockanarchy.org /dupe enabled 23423423
Minecraftlvr56> Join mc.rockanarchy.org > ALL! /dupe enabled! 2736432
Minecraftlvr56> Join mc.rockanarchy.org A fresh dupe anarchy server! /dupe enabled! 72836472834dafyguahdsf
Minecraftlvr56> Join mc.rockanarchy.org /dupe enabled 23423423
Minecraftlvr56> Join mc.rockanarchy.org > ALL! /dupe enabled! 2736432
Minecraftlvr56> Join mc.rockanarchy.org A fresh dupe anarchy server! /dupe enabled! 72836472834
Minecraftlvr56> Join mc.rockanarchy.org The oldest dupe anarchy server in minecraft! /dupe enabled! 27386427834
Minecraftlvr56> Join mc.rockanarchy.org NO LAG! /dupe enabled! ahdjfgavt23y
Minecraftlvr56> Join mc.rockanarchy.org Fresh Anarchy Server /dupe enabled! a dfgyuakyuv akvsd
Minecraftlvr56> Join mc.rockanarchy.org NEVER GOES BELOW 18 TPS! /dupe enabled aildfgh gakdsuj
Minecraftlvr56> Join mc.rockanarchy.org New Anarchy Server /dupe enabled dahfujagv sdfjhas
Minecraftlvr56> Join mc.rockanarchy.org Most Fire Anarchy Server Out there /dupe enabled ajk cxm,.
Minecraftlvr56> Join mc.rockanarchy.org /DUPE ENABLED aygdufhasjdf
Minecraftlvr56> Join mc.rockanarchy.org /dupe enabled 23423423
Minecraftlvr56> Join mc.rockanarchy.org > ALL! /dupe enabled! 2736432
Minecraftlvr56> Join mc.rockanarchy.org A fresh dupe anarchy server! /dupe enabled! 72836472834dafyguahdsf
Minecraftlvr56> Join mc.rockanarchy.org /dupe enabled 23423423
Minecraftlvr56> Join mc.rockanarchy.org > ALL! /dupe enabled! 2736432
Minecraftlvr56> Join mc.rockanarchy.org A fresh dupe anarchy server! /dupe enabled! 72836472834
Minecraftlvr56> Join mc.rockanarchy.org The oldest dupe anarchy server in minecraft! /dupe enabled! 27386427834
Minecraftlvr56> Join mc.rockanarchy.org NO LAG! /dupe enabled! ahdjfgavt23y
Minecraftlvr56> Join mc.rockanarchy.org Fresh Anarchy Server /dupe enabled! a dfgyuakyuv akvsd
Minecraftlvr56> Join mc.rockanarchy.org NEVER GOES BELOW 18 TPS! /dupe enabled aildfgh gakdsuj
Minecraftlvr56> Join mc.rockanarchy.org New Anarchy Server /dupe enabled dahfujagv sdfjhas
Minecraftlvr56> Join mc.rockanarchy.org Most Fire Anarchy Server Out there /dupe enabled ajk cxm,.
Minecraftlvr56> Join mc.rockanarchy.org /DUPE ENABLED aygdufhasjdf
Minecraftlvr56> Join mc.rockanarchy.org /dupe enabled 23423423
Minecraftlvr56> Join mc.rockanarchy.org > ALL! /dupe enabled! 2736432
Minecraftlvr56> Join mc.rockanarchy.org A fresh dupe anarchy server! /dupe enabled! 72836472834dafyguahdsf
Minecraftlvr56> Join mc.rockanarchy.org /dupe enabled 23423423
Minecraftlvr56> Join mc.rockanarchy.org > ALL! /dupe enabled! 2736432
Minecraftlvr56> Join mc.rockanarchy.org A fresh dupe anarchy server! /dupe enabled! 72836472834
Minecraftlvr56> Join mc.rockanarchy.org The oldest dupe anarchy server in minecraft! /dupe enabled! 27386427834
Minecraftlvr56> Join mc.rockanarchy.org NO LAG! /dupe enabled! ahdjfgavt23y
Minecraftlvr56> Join mc.rockanarchy.org Fresh Anarchy Server /dupe enabled! a dfgyuakyuv akvsd
Minecraftlvr56> Join mc.rockanarchy.org NEVER GOES BELOW 18 TPS! /dupe enabled aildfgh gakdsuj
Minecraftlvr56> Join mc.rockanarchy.org New Anarchy Server /dupe enabled dahfujagv sdfjhas
Minecraftlvr56> Join mc.rockanarchy.org Most Fire Anarchy Server Out there /dupe enabled ajk cxm,.
Minecraftlvr56> Join mc.rockanarchy.org /DUPE ENABLED aygdufhasjdf
Minecraftlvr56> Join mc.rockanarchy.org /dupe enabled 23423423
Minecraftlvr56> Join mc.rockanarchy.org > ALL! /dupe enabled! 2736432
Minecraftlvr56> Join mc.rockanarchy.org A fresh dupe anarchy server! /dupe enabled! 72836472834dafyguahdsf
Minecraftlvr56> Join mc.rockanarchy.org /dupe enabled 23423423
Minecraftlvr56> Join mc.rockanarchy.org > ALL! /dupe enabled! 2736432
Minecraftlvr56> Join mc.rockanarchy.org A fresh dupe anarchy server! /dupe enabled! 72836472834
Minecraftlvr56> Join mc.rockanarchy.org The oldest dupe anarchy server in minecraft! /dupe enabled! 27386427834
Minecraftlvr56> Join mc.rockanarchy.org NO LAG! /dupe enabled! ahdjfgavt23y
mukudori_012> i'm japanese
Minecraftlvr56> Join mc.rockanarchy.org Fresh Anarchy Server /dupe enabled! a dfgyuakyuv akvsd
Minecraftlvr56> Join mc.rockanarchy.org NEVER GOES BELOW 18 TPS! /dupe enabled aildfgh gakdsuj
Minecraftlvr56> Join mc.rockanarchy.org New Anarchy Server /dupe enabled dahfujagv sdfjhas
Minecraftlvr56> Join mc.rockanarchy.org Most Fire Anarchy Server Out there /dupe enabled ajk cxm,.
Minecraftlvr56> Join mc.rockanarchy.org /DUPE ENABLED aygdufhasjdf
Minecraftlvr56> Join mc.rockanarchy.org /dupe enabled 23423423
Minecraftlvr56> Join mc.rockanarchy.org > ALL! /dupe enabled! 2736432
Minecraftlvr56> Join mc.rockanarchy.org A fresh dupe anarchy server! /dupe enabled! 72836472834dafyguahdsf
Minecraftlvr56> Join mc.rockanarchy.org /dupe enabled 23423423
Minecraftlvr56> Join mc.rockanarchy.org > ALL! /dupe enabled! 2736432
Minecraftlvr56> Join mc.rockanarchy.org A fresh dupe anarchy server! /dupe enabled! 72836472834
Minecraftlvr56> Join mc.rockanarchy.org The oldest dupe anarchy server in minecraft! /dupe enabled! 27386427834
Minecraftlvr56> Join mc.rockanarchy.org NO LAG! /dupe enabled! ahdjfgavt23y
Minecraftlvr56> Join mc.rockanarchy.org Fresh Anarchy Server /dupe enabled! a dfgyuakyuv akvsd
Minecraftlvr56> Join mc.rockanarchy.org NEVER GOES BELOW 18 TPS! /dupe enabled aildfgh gakdsuj
Minecraftlvr56> Join mc.rockanarchy.org New Anarchy Server /dupe enabled dahfujagv sdfjhas
Minecraftlvr56> Join mc.rockanarchy.org Most Fire Anarchy Server Out there /dupe enabled ajk cxm,.
Minecraftlvr56> Join mc.rockanarchy.org /DUPE ENABLED aygdufhasjdf
Minecraftlvr56> Join mc.rockanarchy.org /dupe enabled 23423423
Minecraftlvr56> Join mc.rockanarchy.org > ALL! /dupe enabled! 2736432
Minecraftlvr56> Join mc.rockanarchy.org A fresh dupe anarchy server! /dupe enabled! 72836472834dafyguahdsf
Minecraftlvr56> Join mc.rockanarchy.org /dupe enabled 23423423
Minecraftlvr56> Join mc.rockanarchy.org > ALL! /dupe enabled! 2736432
Minecraftlvr56> Join mc.rockanarchy.org A fresh dupe anarchy server! /dupe enabled! 72836472834
Minecraftlvr56> Join mc.rockanarchy.org The oldest dupe anarchy server in minecraft! /dupe enabled! 27386427834
Minecraftlvr56> Join mc.rockanarchy.org NO LAG! /dupe enabled! ahdjfgavt23y
Minecraftlvr56> Join mc.rockanarchy.org Fresh Anarchy Server /dupe enabled! a dfgyuakyuv akvsd
Minecraftlvr56> Join mc.rockanarchy.org NEVER GOES BELOW 18 TPS! /dupe enabled aildfgh gakdsuj
Minecraftlvr56> Join mc.rockanarchy.org New Anarchy Server /dupe enabled dahfujagv sdfjhas
Minecraftlvr56> Join mc.rockanarchy.org Most Fire Anarchy Server Out there /dupe enabled ajk cxm,.
Minecraftlvr56> Join mc.rockanarchy.org /DUPE ENABLED aygdufhasjdf
Minecraftlvr56> Join mc.rockanarchy.org /dupe enabled 23423423
Minecraftlvr56> Join mc.rockanarchy.org > ALL! /dupe enabled! 2736432
Minecraftlvr56> Join mc.rockanarchy.org A fresh dupe anarchy server! /dupe enabled! 72836472834dafyguahdsf
Minecraftlvr56> Join mc.rockanarchy.org /dupe enabled 23423423
Minecraftlvr56> Join mc.rockanarchy.org > ALL! /dupe enabled! 2736432
Minecraftlvr56> Join mc.rockanarchy.org A fresh dupe anarchy server! /dupe enabled! 72836472834
Minecraftlvr56> Join mc.rockanarchy.org The oldest dupe anarchy server in minecraft! /dupe enabled! 27386427834
Minecraftlvr56> Join mc.rockanarchy.org NO LAG! /dupe enabled! ahdjfgavt23y
Minecraftlvr56> Join mc.rockanarchy.org Fresh Anarchy Server /dupe enabled! a dfgyuakyuv akvsd
Minecraftlvr56> Join mc.rockanarchy.org NEVER GOES BELOW 18 TPS! /dupe enabled aildfgh gakdsuj
Minecraftlvr56> Join mc.rockanarchy.org New Anarchy Server /dupe enabled dahfujagv sdfjhas
Minecraftlvr56> Join mc.rockanarchy.org Most Fire Anarchy Server Out there /dupe enabled ajk cxm,.
Minecraftlvr56> Join mc.rockanarchy.org /DUPE ENABLED aygdufhasjdf
Minecraftlvr56> Join mc.rockanarchy.org /dupe enabled 23423423
Minecraftlvr56> Join mc.rockanarchy.org > ALL! /dupe enabled! 2736432
Minecraftlvr56> Join mc.rockanarchy.org A fresh dupe anarchy server! /dupe enabled! 72836472834dafyguahdsf
Minecraftlvr56> Join mc.rockanarchy.org /dupe enabled 23423423
Minecraftlvr56> Join mc.rockanarchy.org > ALL! /dupe enabled! 2736432
Minecraftlvr56> Join mc.rockanarchy.org A fresh dupe anarchy server! /dupe enabled! 72836472834
Minecraftlvr56> Join mc.rockanarchy.org The oldest dupe anarchy server in minecraft! /dupe enabled! 27386427834
Minecraftlvr56> Join mc.rockanarchy.org NO LAG! /dupe enabled! ahdjfgavt23y
Minecraftlvr56> Join mc.rockanarchy.org Fresh Anarchy Server /dupe enabled! a dfgyuakyuv akvsd
Minecraftlvr56> Join mc.rockanarchy.org NEVER GOES BELOW 18 TPS! /dupe enabled aildfgh gakdsuj
Minecraftlvr56> Join mc.rockanarchy.org New Anarchy Server /dupe enabled dahfujagv sdfjhas
Minecraftlvr56> Join mc.rockanarchy.org Most Fire Anarchy Server Out there /dupe enabled ajk cxm,.
Minecraftlvr56> Join mc.rockanarchy.org /DUPE ENABLED aygdufhasjdf
Minecraftlvr56> Join mc.rockanarchy.org /dupe enabled 23423423
Minecraftlvr56> Join mc.rockanarchy.org > ALL! /dupe enabled! 2736432
Minecraftlvr56> Join mc.rockanarchy.org A fresh dupe anarchy server! /dupe enabled! 72836472834dafyguahdsf
Minecraftlvr56> Join mc.rockanarchy.org /dupe enabled 23423423
Minecraftlvr56> Join mc.rockanarchy.org > ALL! /dupe enabled! 2736432
Minecraftlvr56> Join mc.rockanarchy.org A fresh dupe anarchy server! /dupe enabled! 72836472834
Minecraftlvr56> Join mc.rockanarchy.org The oldest dupe anarchy server in minecraft! /dupe enabled! 27386427834
Minecraftlvr56> Join mc.rockanarchy.org NO LAG! /dupe enabled! ahdjfgavt23y
Minecraftlvr56> Join mc.rockanarchy.org Fresh Anarchy Server /dupe enabled! a dfgyuakyuv akvsd
Minecraftlvr56> Join mc.rockanarchy.org NEVER GOES BELOW 18 TPS! /dupe enabled aildfgh gakdsuj
Minecraftlvr56> Join mc.rockanarchy.org New Anarchy Server /dupe enabled dahfujagv sdfjhas
Minecraftlvr56> Join mc.rockanarchy.org Most Fire Anarchy Server Out there /dupe enabled ajk cxm,.
Minecraftlvr56> Join mc.rockanarchy.org /DUPE ENABLED aygdufhasjdf
Minecraftlvr56> Join mc.rockanarchy.org /dupe enabled 23423423
Minecraftlvr56> Join mc.rockanarchy.org > ALL! /dupe enabled! 2736432
Minecraftlvr56> Join mc.rockanarchy.org A fresh dupe anarchy server! /dupe enabled! 72836472834dafyguahdsf
Minecraftlvr56> Join mc.rockanarchy.org /dupe enabled 23423423
Minecraftlvr56> Join mc.rockanarchy.org > ALL! /dupe enabled! 2736432
Minecraftlvr56> Join mc.rockanarchy.org A fresh dupe anarchy server! /dupe enabled! 72836472834
Minecraftlvr56> Join mc.rockanarchy.org The oldest dupe anarchy server in minecraft! /dupe enabled! 27386427834
Minecraftlvr56> Join mc.rockanarchy.org NO LAG! /dupe enabled! ahdjfgavt23y
Minecraftlvr56> Join mc.rockanarchy.org Fresh Anarchy Server /dupe enabled! a dfgyuakyuv akvsd
Minecraftlvr56> Join mc.rockanarchy.org NEVER GOES BELOW 18 TPS! /dupe enabled aildfgh gakdsuj
Minecraftlvr56> Join mc.rockanarchy.org New Anarchy Server /dupe enabled dahfujagv sdfjhas
Minecraftlvr56> Join mc.rockanarchy.org Most Fire Anarchy Server Out there /dupe enabled ajk cxm,.
Minecraftlvr56> Join mc.rockanarchy.org /DUPE ENABLED aygdufhasjdf
Minecraftlvr56> Join mc.rockanarchy.org /dupe enabled 23423423
Minecraftlvr56> Join mc.rockanarchy.org > ALL! /dupe enabled! 2736432
Minecraftlvr56> Join mc.rockanarchy.org A fresh dupe anarchy server! /dupe enabled! 72836472834dafyguahdsf
Minecraftlvr56> Join mc.rockanarchy.org /dupe enabled 23423423
Minecraftlvr56> Join mc.rockanarchy.org > ALL! /dupe enabled! 2736432
Minecraftlvr56> Join mc.rockanarchy.org A fresh dupe anarchy server! /dupe enabled! 72836472834
Minecraftlvr56> Join mc.rockanarchy.org The oldest dupe anarchy server in minecraft! /dupe enabled! 27386427834
Minecraftlvr56> Join mc.rockanarchy.org NO LAG! /dupe enabled! ahdjfgavt23y
Minecraftlvr56> Join mc.rockanarchy.org Fresh Anarchy Server /dupe enabled! a dfgyuakyuv akvsd
Minecraftlvr56> Join mc.rockanarchy.org NEVER GOES BELOW 18 TPS! /dupe enabled aildfgh gakdsuj
Minecraftlvr56> Join mc.rockanarchy.org New Anarchy Server /dupe enabled dahfujagv sdfjhas
Minecraftlvr56> Join mc.rockanarchy.org Most Fire Anarchy Server Out there /dupe enabled ajk cxm,.
Minecraftlvr56> Join mc.rockanarchy.org /DUPE ENABLED aygdufhasjdf
Minecraftlvr56> Join mc.rockanarchy.org /dupe enabled 23423423
Minecraftlvr56> Join mc.rockanarchy.org > ALL! /dupe enabled! 2736432
Minecraftlvr56> Join mc.rockanarchy.org A fresh dupe anarchy server! /dupe enabled! 72836472834dafyguahdsf
Minecraftlvr56> Join mc.rockanarchy.org /dupe enabled 23423423
Minecraftlvr56> Join mc.rockanarchy.org > ALL! /dupe enabled! 2736432
Minecraftlvr56> Join mc.rockanarchy.org A fresh dupe anarchy server! /dupe enabled! 72836472834
Minecraftlvr56> Join mc.rockanarchy.org The oldest dupe anarchy server in minecraft! /dupe enabled! 27386427834
Minecraftlvr56> Join mc.rockanarchy.org NO LAG! /dupe enabled! ahdjfgavt23y
Minecraftlvr56> Join mc.rockanarchy.org Fresh Anarchy Server /dupe enabled! a dfgyuakyuv akvsd
Minecraftlvr56> Join mc.rockanarchy.org NEVER GOES BELOW 18 TPS! /dupe enabled aildfgh gakdsuj
Minecraftlvr56> Join mc.rockanarchy.org New Anarchy Server /dupe enabled dahfujagv sdfjhas
Minecraftlvr56> Join mc.rockanarchy.org Most Fire Anarchy Server Out there /dupe enabled ajk cxm,.
Minecraftlvr56> Join mc.rockanarchy.org /DUPE ENABLED aygdufhasjdf
Minecraftlvr56> Join mc.rockanarchy.org /dupe enabled 23423423
Minecraftlvr56> Join mc.rockanarchy.org > ALL! /dupe enabled! 2736432
Minecraftlvr56> Join mc.rockanarchy.org A fresh dupe anarchy server! /dupe enabled! 72836472834dafyguahdsf
Minecraftlvr56> Join mc.rockanarchy.org /dupe enabled 23423423
Minecraftlvr56> Join mc.rockanarchy.org > ALL! /dupe enabled! 2736432
Minecraftlvr56> Join mc.rockanarchy.org A fresh dupe anarchy server! /dupe enabled! 72836472834
Minecraftlvr56> Join mc.rockanarchy.org The oldest dupe anarchy server in minecraft! /dupe enabled! 27386427834
Minecraftlvr56> Join mc.rockanarchy.org NO LAG! /dupe enabled! ahdjfgavt23y
Minecraftlvr56> Join mc.rockanarchy.org Fresh Anarchy Server /dupe enabled! a dfgyuakyuv akvsd
